Level: ERROR
 Time: 2021-03-15 13:11:01,753
 Process: 9264 - MainProcess
 Thread: 11492
 Logger: kivy
 Path: image:259
 Function: texture_update
 Message: Image: Not found <C:\Users\tmsusr\PycharmProjects\ScreenRecording\static\Recording1.avi>

Level: ERROR
 Time: 2021-03-15 13:12:07,325
 Process: 10092 - MainProcess
 Thread: 10980
 Logger: kivy
 Path: image:273
 Function: texture_update
 Message: Image: Error loading <C:\Users\tmsusr\PycharmProjects\ScreenRecording\static\Recording.avi>

Level: ERROR
 Time: 2021-03-15 13:15:54,308
 Process: 4660 - MainProcess
 Thread: 6292
 Logger: kivy
 Path: image:273
 Function: texture_update
 Message: Image: Error loading <C:\Users\tmsusr\PycharmProjects\ScreenRecording\static\Recording.avi>

Level: ERROR
 Time: 2021-03-15 13:27:52,247
 Process: 11520 - MainProcess
 Thread: 6604
 Logger: kivy
 Path: image:273
 Function: texture_update
 Message: Image: Error loading <C:\Users\tmsusr\PycharmProjects\ScreenRecording\static\Recording.avi>

Level: ERROR
 Time: 2021-03-15 13:29:07,078
 Process: 9028 - MainProcess
 Thread: 9900
 Logger: kivy
 Path: image:273
 Function: texture_update
 Message: Image: Error loading <C:\Users\tmsusr\PycharmProjects\ScreenRecording\static\Recording.avi>

Level: ERROR
 Time: 2021-03-15 13:30:39,458
 Process: 9028 - MainProcess
 Thread: 9900
 Logger: kivy
 Path: image:273
 Function: texture_update
 Message: Image: Error loading <C:\Users\tmsusr\PycharmProjects\ScreenRecording\static\Recording.avi>

Level: ERROR
 Time: 2021-03-15 13:34:17,060
 Process: 10588 - MainProcess
 Thread: 4020
 Logger: kivy
 Path: image:273
 Function: texture_update
 Message: Image: Error loading <C:\Users\tmsusr\PycharmProjects\ScreenRecording\static\>

Level: ERROR
 Time: 2021-03-15 13:34:17,501
 Process: 10588 - MainProcess
 Thread: 4020
 Logger: kivy
 Path: video_gstplayer:49
 Function: _on_gstplayer_message
 Message: VideoGstplayer: b'Could not open file "C:\\Users\\tmsusr\\PycharmProjects\\ScreenRecording\\static" for reading.'

Level: ERROR
 Time: 2021-03-15 13:34:17,502
 Process: 10588 - MainProcess
 Thread: 4020
 Logger: kivy
 Path: video_gstplayer:49
 Function: _on_gstplayer_message
 Message: VideoGstplayer: b'GStreamer error: state change failed and some element failed to post a proper error message with the reason for the failure.'

Level: ERROR
 Time: 2021-03-15 13:34:17,502
 Process: 10588 - MainProcess
 Thread: 4020
 Logger: kivy
 Path: video_gstplayer:49
 Function: _on_gstplayer_message
 Message: VideoGstplayer: b'Could not open file "C:\\Users\\tmsusr\\PycharmProjects\\ScreenRecording\\static" for reading.'

Level: ERROR
 Time: 2021-03-15 13:34:17,503
 Process: 10588 - MainProcess
 Thread: 4020
 Logger: kivy
 Path: video_gstplayer:49
 Function: _on_gstplayer_message
 Message: VideoGstplayer: b'GStreamer error: state change failed and some element failed to post a proper error message with the reason for the failure.'

